[2020/07/16 10:24:07] Win Streak 5 Lose Streak 24 | Balance 993.32249046 Profit 893.29782704
[2020/07/16 12:08:41] Win Streak 3 Lose Streak 38 | Balance 1046.07682044 Profit -15.32146605
[2020/07/16 12:19:35] Win Streak 2 Lose Streak 68 | Balance 1093.13472845 Profit 46.62053024
[2020/07/16 12:20:12] Win Streak 1 Lose Streak 52 | Balance 1215.04713996 Profit 122.02572151
[2020/07/16 12:21:10] Win Streak 2 Lose Streak 14 | Balance 1233.33678493 Profit 18.53605497
Withdraw 10.00000000
[2020/07/16 14:24:12] Win Streak 0 Lose Streak 1 | Balance 1013.95617014 Profit -0.0001
[2020/07/16 14:26:09] Win Streak 3 Lose Streak 17 | Balance 1006.06628291 Profit 2.11021277
[2020/07/16 20:44:24] Win Streak 6 Lose Streak 11 | Balance 350.3670744 Profit 0.09184382
[2020/07/16 20:44:52] Win Streak 4 Lose Streak 21 | Balance 350.36719389 Profit 0.09222009
[2020/07/16 21:42:52] Win Streak 5 Lose Streak 13 | Balance 350.41477781 Profit 0.04761981
[2020/07/16 21:42:52] Win Streak 4 Lose Streak 9 | Balance 350.41459459 Profit 0.04753659
[2020/07/16 21:42:52] Win Streak 6 Lose Streak 13 | Balance 350.36705813 Profit 0.09198433
[2020/07/16 21:42:52] Win Streak 3 Lose Streak 9 | Balance 350.41473459 Profit 0.04741981
[2020/07/16 21:42:52] Win Streak 5 Lose Streak 16 | Balance 350.41483459 Profit 0.14001757
[2020/11/03 15:23:38] Win Streak 1 Lose Streak 48 | Balance 337.81581086 Profit -0.04190359
[2020/11/03 15:27:45] Win Streak 5 Lose Streak 2 | Balance 337.84933134 Profit 0.02325018
[2020/11/03 15:28:39] Win Streak 4 Lose Streak 9 | Balance 337.67731574 Profit -0.1610156
[2020/11/03 15:29:22] Win Streak 3 Lose Streak 4 | Balance 371.30132993 Profit 33.59365065
[2020/11/03 15:29:28] Win Streak 1 Lose Streak 4 | Balance 403.71799254 Profit 32.40446261
[2020/11/03 15:29:46] Win Streak 3 Lose Streak 4 | Balance 162.86498275 Profit 27.89100408
[2020/11/03 15:30:24] Win Streak 3 Lose Streak 4 | Balance 194.45991004 Profit 31.60492729
[2020/11/03 15:30:50] Win Streak 3 Lose Streak 4 | Balance 205.39440312 Profit 42.98534851
[2020/11/03 15:32:40] Win Streak 29 Lose Streak 2 | Balance 205.34494478 Profit -0.05055834
[2020/11/03 15:33:34] Win Streak 25 Lose Streak 2 | Balance 205.29862845 Profit -0.04818257
[2020/11/03 15:34:47] Win Streak 39 Lose Streak 3 | Balance 205.27156704 Profit -0.02907944
[2020/11/03 15:37:12] Win Streak 41 Lose Streak 3 | Balance 205.73823059 Profit 0.46463358
[2020/11/03 15:38:52] Win Streak 25 Lose Streak 2 | Balance 205.73261075 Profit -0.0077184
[2020/11/03 15:44:36] Win Streak 85 Lose Streak 2 | Balance 206.13736624 Profit 0.40082342
[2020/11/03 15:45:18] Win Streak 12 Lose Streak 2 | Balance 206.05731362 Profit -0.07085262
[2020/11/03 15:47:35] Win Streak 21 Lose Streak 2 | Balance 206.36880351 Profit 0.30963408
[2020/11/03 15:49:37] Win Streak 3 Lose Streak 1 | Balance 206.32547993 Profit -0.00738682
[2020/11/03 15:50:49] Win Streak 17 Lose Streak 2 | Balance 206.42182963 Profit 0.09459443
[2020/11/03 16:15:18] Win Streak 2 Lose Streak 23 | Balance 217.62481963 Profit 11.21048687
[2020/11/03 16:17:56] Win Streak 2 Lose Streak 28 | Balance 296.35242227 Profit 78.75060264
[2020/11/03 16:18:20] Win Streak 1 Lose Streak 23 | Balance 323.83397208 Profit 27.49154981
[2020/11/03 16:18:27] Win Streak 1 Lose Streak 8 | Balance 324.25096184 Profit 0.42698976
[2020/11/03 16:21:56] Win Streak 1 Lose Streak 24 | Balance 354.67618286 Profit 30.47235032
[2020/11/03 16:22:08] Win Streak 1 Lose Streak 27 | Balance 402.30145264 Profit 47.63526978
[2020/11/03 16:22:27] Win Streak 1 Lose Streak 30 | Balance 508.50749562 Profit 106.21604298
[2020/11/03 16:25:36] Win Streak 1 Lose Streak 11 | Balance 509.84904955 Profit 1.35155393
[2020/11/03 16:27:51] Win Streak 0 Lose Streak 0 | Balance 509.89032955 Profit -0.01
[2020/11/03 16:27:54] Win Streak 0 Lose Streak 0 | Balance 509.87032955 Profit -0.01
[2020/11/03 16:28:26] Win Streak 1 Lose Streak 20 | Balance 521.04934762 Profit 11.10576807
[2020/11/03 16:29:13] Win Streak 2 Lose Streak 28 | Balance 591.2833879 Profit 70.24404028
[2020/11/03 16:29:30] Win Streak 1 Lose Streak 24 | Balance 614.04482956 Profit 22.77144166
[2020/11/03 16:29:34] Win Streak 0 Lose Streak 0 | Balance 614.02482956 Profit -0.01
[2020/11/03 16:29:47] Win Streak 0 Lose Streak 0 | Balance 614.00482956 Profit -0.01
[2020/11/03 16:29:51] Win Streak 0 Lose Streak 0 | Balance 613.98482956 Profit -0.01
[2020/11/03 16:31:01] Win Streak 3 Lose Streak 15 | Balance 624.4431073 Profit 10.46827774
[2020/11/03 16:31:14] Win Streak 1 Lose Streak 23 | Balance 641.13320162 Profit 16.70009432
[2020/11/03 16:31:27] Win Streak 1 Lose Streak 24 | Balance 663.04932775 Profit 21.92612613
[2020/11/03 16:31:39] Win Streak 1 Lose Streak 29 | Balance 743.51993383 Profit 80.48060608
[2020/11/03 16:31:53] Win Streak 0 Lose Streak 0 | Balance 743.49993383 Profit -0.01
[2020/11/03 16:31:56] Win Streak 0 Lose Streak 0 | Balance 743.47993383 Profit -0.01
[2020/11/03 16:32:00] Win Streak 0 Lose Streak 0 | Balance 743.45993383 Profit -0.01
[2020/11/03 16:32:04] Win Streak 0 Lose Streak 0 | Balance 743.43993383 Profit -0.01
[2020/11/03 16:33:22] Win Streak 1 Lose Streak 18 | Balance 755.53125676 Profit 12.01807293
[2020/11/03 16:33:53] Win Streak 2 Lose Streak 28 | Balance 824.43583139 Profit 68.91457463
[2020/11/03 16:33:56] Win Streak 0 Lose Streak 0 | Balance 824.58233139 Profit 0.07325
[2020/11/03 16:33:59] Win Streak 0 Lose Streak 0 | Balance 824.56233139 Profit -0.01
[2020/11/03 16:35:08] Win Streak 1 Lose Streak 33 | Balance 1054.35112077 Profit 229.79878938
[2020/11/03 16:35:12] Win Streak 0 Lose Streak 0 | Balance 1054.33112077 Profit -0.01
[2020/11/03 16:35:15] Win Streak 0 Lose Streak 0 | Balance 1054.39437077 Profit -0.01
[2020/11/04 01:23:15] Win Streak 2 Lose Streak 19 | Balance 160.11611161 Profit 10.12611161
[2020/11/04 01:23:18] Win Streak 0 Lose Streak 1 | Balance 160.09611161 Profit -0.01
[2020/11/04 01:28:42] Win Streak 1 Lose Streak 10 | Balance 160.25163761 Profit 0.169526
[2020/11/04 01:58:20] Win Streak 2 Lose Streak 24 | Balance 164.11341084 Profit 3.85730433
[2020/11/04 02:53:22] Win Streak 1 Lose Streak 18 | Balance 164.63651865 Profit 0.53038265
[2020/11/04 02:57:46] Win Streak 1 Lose Streak 11 | Balance 164.83617053 Profit 0.19715368
[2020/11/04 04:47:52] Win Streak 2 Lose Streak 18 | Balance 165.53106577 Profit 0.69689524
[2020/11/04 05:12:31] Win Streak 1 Lose Streak 10 | Balance 165.59923041 Profit 0.07046464
[2020/11/04 08:22:34] Win Streak 1 Lose Streak 18 | Balance 166.10268523 Profit 0.50545482
[2020/11/04 08:23:20] Win Streak 1 Lose Streak 10 | Balance 166.15402756 Profit 0.05217462
[2020/11/04 08:31:14] Win Streak 3 Lose Streak 25 | Balance 169.03190667 Profit 2.88173521
[2020/11/04 08:38:01] Win Streak 2 Lose Streak 16 | Balance 169.5655423 Profit 0.53593563
[2020/11/04 08:39:52] Win Streak 0 Lose Streak 3 | Balance 169.56516437 Profit -0.00399
[2021/08/08 19:52:59] Win Streak 2 Lose Streak 5 | Balance 24.50000096 Profit 9.7e-07
[2021/08/08 20:06:41] Win Streak 3 Lose Streak 16 | Balance 24.50248556 Profit 0.00248454
[2021/08/08 20:59:33] Win Streak 1 Lose Streak 60 | Balance 24.50617573 Profit 8.149e-05
